2021-12-06 09:58:38.011 INFO  xpdfmergeV1.XEFPdfMerge - XEFPdfMerge->start: osName=windows 10
2021-12-06 09:58:38.018 INFO  xpdfmergeV1.XEFPdfMerge - XEFPdfMerge->start: xJustizPfad=D:\EurekaFach\BEAkten-Projekt2021\baakte
2021-12-06 09:59:49.838 INFO  xpdfmergeV1.XEFPdfMerge - xmlPfad = D:\EurekaFach\XJustiz\baakte\xjustiz_nachricht.xml
2021-12-06 09:59:51.309 INFO  xpdfmergeV1.XEFPdfMerge - XML-Datei D:\EurekaFach\XJustiz\baakte\xjustiz_nachricht.xml wurde geparsed
2021-12-06 09:59:51.309 INFO  xpdfmergeV1.XEFPdfMerge - XML-Namespace=ns0
2021-12-06 09:59:51.497 WARN  xpdfmergeV1.XEFPdfMerge - SAXException in file:/D:/EurekaFach/XJustiz/baakte/xjustiz_nachricht.xml: cvc-complex-type.3.1: Wert '3.2.1' des Attributs 'xjustizVersion' des Elements 'ns0:nachrichtenkopf' ist ungültig in Bezug auf die entsprechende Attributverwendung. Attribut 'xjustizVersion' hat den festen Wert '3.3.1'.
2021-12-06 09:59:51.497 WARN  xpdfmergeV1.XEFPdfMerge - SAXException in file:/D:/EurekaFach/XJustiz/baakte/xjustiz_nachricht.xml: cvc-complex-type.3.1: Wert '2.1' des Attributs 'listVersionID' des Elements 'ns0:sachgebiet' ist ungültig in Bezug auf die entsprechende Attributverwendung. Attribut 'listVersionID' hat den festen Wert '2.2'.
2021-12-06 09:59:51.508 INFO  xpdfmergeV1.XEFPdfMerge - Aufruf von getElements mit tagName=akte und nsName=http://www.xjustiz.de
2021-12-06 09:59:51.512 INFO  xpdfmergeV1.XEFPdfMerge - getElements: Abschluss mit 3 Elementen.
2021-12-06 09:59:51.513 INFO  xpdfmergeV1.XEFPdfMerge - getAkten: Abschluss mit 3 Akten.
2021-12-06 09:59:51.542 INFO  xpdfmergeV1.XEFPdfMerge - getPdfPageCount: Aufruf
2021-12-06 09:59:51.608 INFO  xpdfmergeV1.XEFPdfMerge - getPdfPageCount: Aufruf
2021-12-06 09:59:51.620 INFO  xpdfmergeV1.XEFPdfMerge - getPdfPageCount: Aufruf
2021-12-06 09:59:51.636 INFO  xpdfmergeV1.XEFPdfMerge - getPdfPageCount: Aufruf
2021-12-06 09:59:51.800 INFO  xpdfmergeV1.XEFPdfMerge - getPdfPageCount: Aufruf
2021-12-06 09:59:51.818 INFO  xpdfmergeV1.XEFPdfMerge - getPdfPageCount: Aufruf
2021-12-06 09:59:51.919 INFO  xpdfmergeV1.XEFPdfMerge - getPdfPageCount: Aufruf
2021-12-06 09:59:51.933 INFO  xpdfmergeV1.XEFPdfMerge - getPdfPageCount: Aufruf
2021-12-06 09:59:51.941 INFO  xpdfmergeV1.XEFPdfMerge - getPdfPageCount: Aufruf
2021-12-06 10:01:10.324 INFO  xpdfmergeV1.XEFPdfMerge - XEFPdfMerge->start: osName=windows 10
2021-12-06 10:01:10.327 INFO  xpdfmergeV1.XEFPdfMerge - XEFPdfMerge->start: xJustizPfad=D:\EurekaFach\BEAkten-Projekt2021\baakte
2021-12-06 10:01:27.393 INFO  xpdfmergeV1.XEFPdfMerge - xmlPfad = D:\EurekaFach\XJustiz\baakte\xjustiz_nachricht.xml
2021-12-06 10:01:28.694 INFO  xpdfmergeV1.XEFPdfMerge - XML-Datei D:\EurekaFach\XJustiz\baakte\xjustiz_nachricht.xml wurde geparsed
2021-12-06 10:01:28.694 INFO  xpdfmergeV1.XEFPdfMerge - XML-Namespace=ns0
2021-12-06 10:01:28.839 WARN  xpdfmergeV1.XEFPdfMerge - SAXException in file:/D:/EurekaFach/XJustiz/baakte/xjustiz_nachricht.xml: cvc-complex-type.3.1: Wert '3.2.1' des Attributs 'xjustizVersion' des Elements 'ns0:nachrichtenkopf' ist ungültig in Bezug auf die entsprechende Attributverwendung. Attribut 'xjustizVersion' hat den festen Wert '3.3.1'.
2021-12-06 10:01:28.840 WARN  xpdfmergeV1.XEFPdfMerge - SAXException in file:/D:/EurekaFach/XJustiz/baakte/xjustiz_nachricht.xml: cvc-complex-type.3.1: Wert '2.1' des Attributs 'listVersionID' des Elements 'ns0:sachgebiet' ist ungültig in Bezug auf die entsprechende Attributverwendung. Attribut 'listVersionID' hat den festen Wert '2.2'.
2021-12-06 10:01:28.852 INFO  xpdfmergeV1.XEFPdfMerge - Aufruf von getElements mit tagName=akte und nsName=http://www.xjustiz.de
2021-12-06 10:01:28.856 INFO  xpdfmergeV1.XEFPdfMerge - getElements: Abschluss mit 3 Elementen.
2021-12-06 10:01:28.861 INFO  xpdfmergeV1.XEFPdfMerge - getAkten: Abschluss mit 3 Akten.
2021-12-06 10:01:28.893 INFO  xpdfmergeV1.XEFPdfMerge - getPdfPageCount: Aufruf
2021-12-06 10:01:28.943 INFO  xpdfmergeV1.XEFPdfMerge - getPdfPageCount: Aufruf
2021-12-06 10:01:28.946 INFO  xpdfmergeV1.XEFPdfMerge - getPdfPageCount: Aufruf
2021-12-06 10:01:28.951 INFO  xpdfmergeV1.XEFPdfMerge - getPdfPageCount: Aufruf
2021-12-06 10:01:29.012 INFO  xpdfmergeV1.XEFPdfMerge - getPdfPageCount: Aufruf
2021-12-06 10:01:29.018 INFO  xpdfmergeV1.XEFPdfMerge - getPdfPageCount: Aufruf
2021-12-06 10:01:29.058 INFO  xpdfmergeV1.XEFPdfMerge - getPdfPageCount: Aufruf
2021-12-06 10:01:29.062 INFO  xpdfmergeV1.XEFPdfMerge - getPdfPageCount: Aufruf
2021-12-06 10:01:29.064 INFO  xpdfmergeV1.XEFPdfMerge - getPdfPageCount: Aufruf
